<?xml version="1.0" encoding="UTF-8"?>
<!-- Generated by org.testng.reporters.JUnitReportReporter -->
<testsuite skipped="0" hostname="Nagamanendra" name="com.qa.hubspot.tests.LoginTest" tests="2" failures="0" timestamp="01 May 2020 08:13:04 GMT" time="35.135" errors="0">
  <testcase name="loginPageTitleTest" time="15.891" classname="com.qa.hubspot.tests.LoginTest"/>
  <testcase name="loginTest" time="19.244" classname="com.qa.hubspot.tests.LoginTest"/>
</testsuite> <!-- com.qa.hubspot.tests.LoginTest -->
