<?xml version="1.0" encoding="UTF-8"?>
<!-- Generated by org.testng.reporters.JUnitReportReporter -->
<testsuite skipped="0" hostname="Nagamanendra" name="com.qa.hubspot.tests.LoginTestPF" tests="1" failures="0" timestamp="03 May 2020 08:28:06 GMT" time="20.896" errors="0">
  <testcase name="loginTest" time="20.896" classname="com.qa.hubspot.tests.LoginTestPF"/>
</testsuite> <!-- com.qa.hubspot.tests.LoginTestPF -->
